<?xml version="1.0" encoding="UTF-8"?>
<!-- Generated by org.testng.reporters.JUnitReportReporter -->
<testsuite hostname="DESKTOP-GKF1M59" name="TestClass" tests="1" failures="0" timestamp="4 Apr 2019 18:24:04 GMT" time="12.292" errors="0">
  <testcase name="test" time="12.292" classname="TestClass"/>
</testsuite> <!-- TestClass -->
